execve("./hello", ["./hello"], [/* 67 vars */]) = 0 <0.000050>
brk(0)                                  = 0xfb7000 <0.000002>
access("/etc/ld.so.nohwcap", F_OK)      = -1 ENOENT (No such file or directory) <0.000004>
mmap(NULL, 8192, PROT_READ|PROT_WRITE, MAP_PRIVATE|MAP_ANONYMOUS, -1, 0) = 0x7f63ea9c8000 <0.000003>
access("/etc/ld.so.preload", R_OK)      = -1 ENOENT (No such file or directory) <0.000004>
open("/etc/ld.so.cache", O_RDONLY|O_CLOEXEC) = 3 <0.000004>
fstat(3, {st_mode=S_IFREG|0644, st_size=95589, ...}) = 0 <0.000003>
mmap(NULL, 95589, PROT_READ, MAP_PRIVATE, 3, 0) = 0x7f63ea9b0000 <0.000003>
close(3)                                = 0 <0.000002>
access("/etc/ld.so.nohwcap", F_OK)      = -1 ENOENT (No such file or directory) <0.000002>
open("/lib/x86_64-linux-gnu/libc.so.6", O_RDONLY|O_CLOEXEC) = 3 <0.000004>
read(3, "\177ELF\2\1\1\0\0\0\0\0\0\0\0\0\3\0>\0\1\0\0\0P \2\0\0\0\0\0"..., 832) = 832 <0.000002>
fstat(3, {st_mode=S_IFREG|0755, st_size=1857312, ...}) = 0 <0.000002>
mmap(NULL, 3965632, PROT_READ|PROT_EXEC, MAP_PRIVATE|MAP_DENYWRITE, 3, 0) = 0x7f63ea3df000 <0.000003>
mprotect(0x7f63ea59d000, 2097152, PROT_NONE) = 0 <0.000005>
mmap(0x7f63ea79d000, 24576, PROT_READ|PROT_WRITE, MAP_PRIVATE|MAP_FIXED|MAP_DENYWRITE, 3, 0x1be000) = 0x7f63ea79d000 <0.000005>
mmap(0x7f63ea7a3000, 17088, PROT_READ|PROT_WRITE, MAP_PRIVATE|MAP_FIXED|MAP_ANONYMOUS, -1, 0) = 0x7f63ea7a3000 <0.000003>
close(3)                                = 0 <0.000002>
mmap(NULL, 4096, PROT_READ|PROT_WRITE, MAP_PRIVATE|MAP_ANONYMOUS, -1, 0) = 0x7f63ea9af000 <0.000002>
mmap(NULL, 8192, PROT_READ|PROT_WRITE, MAP_PRIVATE|MAP_ANONYMOUS, -1, 0) = 0x7f63ea9ad000 <0.000003>
arch_prctl(ARCH_SET_FS, 0x7f63ea9ad740) = 0 <0.000019>
mprotect(0x7f63ea79d000, 16384, PROT_READ) = 0 <0.000004>
mprotect(0x600000, 4096, PROT_READ)     = 0 <0.000004>
mprotect(0x7f63ea9ca000, 4096, PROT_READ) = 0 <0.000004>
munmap(0x7f63ea9b0000, 95589)           = 0 <0.000007>
fstat(1, {st_mode=S_IFCHR|0620, st_rdev=makedev(136, 8), ...}) = 0 <0.000002>
mmap(NULL, 4096, PROT_READ|PROT_WRITE, MAP_PRIVATE|MAP_ANONYMOUS, -1, 0) = 0x7f63ea9c7000 <0.000016>
write(1, "hello world\n", 12)           = 12 <0.000026>
exit_group(0)                           = ?
+++ exited with 0 +++
